生成启动时间为 2019/7/21 16:29:25。
     1>项目“E:\QKM code\Robot_vision\Robot_vision\socket_controlled_opencv\socket_controlled_opencv\socket_controlled_opencv.vcxproj”在节点 2 上(Build 个目标)。
     1>ClCompile:
         E:\vs2015\VC\bin\x86_amd64\CL.exe /c /I"E:\uEye-Full-4802-64-WHQL\Develop\include" /ZI /nologo /W3 /WX- /sdl /Od /D _DEBUG /D _CONSOLE /D _UNICODE /D UNICODE /Gm /EHsc /RTC1 /MDd /GS /fp:precise /Zc:wchar_t /Zc:forScope /Zc:inline /Fo"x64\Debug\\" /Fd"x64\Debug\vc140.pdb" /Gd /TP /errorReport:prompt calibration_fcn.cpp common_fcn.cpp cvUeye.cpp polygon_detection.cpp main.cpp
         main.cpp
     1>e:\qkm code\robot_vision\robot_vision\socket_controlled_opencv\socket_controlled_opencv\main.cpp(58): warning C4267: “参数”: 从“size_t”转换到“int”，可能丢失数据
     1>e:\qkm code\robot_vision\robot_vision\socket_controlled_opencv\socket_controlled_opencv\main.cpp(92): warning C4267: “参数”: 从“size_t”转换到“int”，可能丢失数据
     1>e:\qkm code\robot_vision\robot_vision\socket_controlled_opencv\socket_controlled_opencv\main.cpp(106): warning C4267: “参数”: 从“size_t”转换到“int”，可能丢失数据
     1>e:\qkm code\robot_vision\robot_vision\socket_controlled_opencv\socket_controlled_opencv\main.cpp(130): warning C4267: “参数”: 从“size_t”转换到“int”，可能丢失数据
     1>e:\qkm code\robot_vision\robot_vision\socket_controlled_opencv\socket_controlled_opencv\main.cpp(154): warning C4267: “参数”: 从“size_t”转换到“int”，可能丢失数据
         polygon_detection.cpp
     1>e:\qkm code\robot_vision\robot_vision\socket_controlled_opencv\socket_controlled_opencv\polygon_detection.cpp(48): warning C4244: “初始化”: 从“double”转换到“float”，可能丢失数据
     1>e:\qkm code\robot_vision\robot_vision\socket_controlled_opencv\socket_controlled_opencv\polygon_detection.cpp(237): warning C4244: “初始化”: 从“__int64”转换到“int”，可能丢失数据
     1>e:\qkm code\robot_vision\robot_vision\socket_controlled_opencv\socket_controlled_opencv\polygon_detection.cpp(265): warning C4305: “-=”: 从“double”到“float”截断
     1>e:\qkm code\robot_vision\robot_vision\socket_controlled_opencv\socket_controlled_opencv\polygon_detection.cpp(268): warning C4305: “+=”: 从“double”到“float”截断
     1>e:\qkm code\robot_vision\robot_vision\socket_controlled_opencv\socket_controlled_opencv\polygon_detection.cpp(275): warning C4305: “-=”: 从“double”到“float”截断
     1>e:\qkm code\robot_vision\robot_vision\socket_controlled_opencv\socket_controlled_opencv\polygon_detection.cpp(278): warning C4305: “+=”: 从“double”到“float”截断
     1>e:\qkm code\robot_vision\robot_vision\socket_controlled_opencv\socket_controlled_opencv\polygon_detection.cpp(311): warning C4244: “=”: 从“double”转换到“int”，可能丢失数据
     1>e:\qkm code\robot_vision\robot_vision\socket_controlled_opencv\socket_controlled_opencv\polygon_detection.cpp(312): warning C4244: “=”: 从“double”转换到“int”，可能丢失数据
     1>e:\qkm code\robot_vision\robot_vision\socket_controlled_opencv\socket_controlled_opencv\polygon_detection.cpp(449): warning C4244: “=”: 从“float”转换到“int”，可能丢失数据
     1>e:\qkm code\robot_vision\robot_vision\socket_controlled_opencv\socket_controlled_opencv\polygon_detection.cpp(450): warning C4244: “=”: 从“float”转换到“int”，可能丢失数据
     1>e:\qkm code\robot_vision\robot_vision\socket_controlled_opencv\socket_controlled_opencv\polygon_detection.cpp(451): warning C4244: “参数”: 从“double”转换到“float”，可能丢失数据
     1>e:\qkm code\robot_vision\robot_vision\socket_controlled_opencv\socket_controlled_opencv\polygon_detection.cpp(495): warning C4244: “参数”: 从“double”转换到“float”，可能丢失数据
     1>e:\qkm code\robot_vision\robot_vision\socket_controlled_opencv\socket_controlled_opencv\polygon_detection.cpp(524): warning C4244: “=”: 从“double”转换到“float”，可能丢失数据
     1>e:\qkm code\robot_vision\robot_vision\socket_controlled_opencv\socket_controlled_opencv\polygon_detection.cpp(525): warning C4244: “=”: 从“double”转换到“float”，可能丢失数据
     1>e:\qkm code\robot_vision\robot_vision\socket_controlled_opencv\socket_controlled_opencv\polygon_detection.cpp(530): warning C4244: “=”: 从“double”转换到“float”，可能丢失数据
     1>e:\qkm code\robot_vision\robot_vision\socket_controlled_opencv\socket_controlled_opencv\polygon_detection.cpp(531): warning C4244: “=”: 从“double”转换到“float”，可能丢失数据
     1>e:\qkm code\robot_vision\robot_vision\socket_controlled_opencv\socket_controlled_opencv\polygon_detection.cpp(535): warning C4244: “=”: 从“double”转换到“float”，可能丢失数据
     1>e:\qkm code\robot_vision\robot_vision\socket_controlled_opencv\socket_controlled_opencv\polygon_detection.cpp(536): warning C4244: “=”: 从“double”转换到“float”，可能丢失数据
     1>e:\qkm code\robot_vision\robot_vision\socket_controlled_opencv\socket_controlled_opencv\polygon_detection.cpp(539): warning C4244: “=”: 从“double”转换到“float”，可能丢失数据
     1>e:\qkm code\robot_vision\robot_vision\socket_controlled_opencv\socket_controlled_opencv\polygon_detection.cpp(540): warning C4244: “=”: 从“double”转换到“float”，可能丢失数据
     1>e:\qkm code\robot_vision\robot_vision\socket_controlled_opencv\socket_controlled_opencv\polygon_detection.cpp(555): warning C4244: “=”: 从“float”转换到“int”，可能丢失数据
     1>e:\qkm code\robot_vision\robot_vision\socket_controlled_opencv\socket_controlled_opencv\polygon_detection.cpp(556): warning C4244: “=”: 从“float”转换到“int”，可能丢失数据
     1>e:\qkm code\robot_vision\robot_vision\socket_controlled_opencv\socket_controlled_opencv\polygon_detection.cpp(557): warning C4244: “=”: 从“double”转换到“float”，可能丢失数据
     1>e:\qkm code\robot_vision\robot_vision\socket_controlled_opencv\socket_controlled_opencv\polygon_detection.cpp(573): warning C4305: “-=”: 从“double”到“float”截断
     1>e:\qkm code\robot_vision\robot_vision\socket_controlled_opencv\socket_controlled_opencv\polygon_detection.cpp(576): warning C4305: “+=”: 从“double”到“float”截断
     1>e:\qkm code\robot_vision\robot_vision\socket_controlled_opencv\socket_controlled_opencv\polygon_detection.cpp(594): warning C4244: “参数”: 从“float”转换到“int”，可能丢失数据
     1>e:\qkm code\robot_vision\robot_vision\socket_controlled_opencv\socket_controlled_opencv\polygon_detection.cpp(595): warning C4244: “参数”: 从“float”转换到“int”，可能丢失数据
     1>e:\qkm code\robot_vision\robot_vision\socket_controlled_opencv\socket_controlled_opencv\polygon_detection.cpp(598): warning C4244: “=”: 从“float”转换到“int”，可能丢失数据
     1>e:\qkm code\robot_vision\robot_vision\socket_controlled_opencv\socket_controlled_opencv\polygon_detection.cpp(598): warning C4244: “=”: 从“int”转换到“float”，可能丢失数据
     1>e:\qkm code\robot_vision\robot_vision\socket_controlled_opencv\socket_controlled_opencv\polygon_detection.cpp(599): warning C4244: “=”: 从“float”转换到“int”，可能丢失数据
     1>e:\qkm code\robot_vision\robot_vision\socket_controlled_opencv\socket_controlled_opencv\polygon_detection.cpp(599): warning C4244: “=”: 从“int”转换到“float”，可能丢失数据
     1>e:\qkm code\robot_vision\robot_vision\socket_controlled_opencv\socket_controlled_opencv\polygon_detection.cpp(600): warning C4244: “参数”: 从“float”转换到“int”，可能丢失数据
     1>e:\qkm code\robot_vision\robot_vision\socket_controlled_opencv\socket_controlled_opencv\polygon_detection.cpp(610): warning C4244: “参数”: 从“float”转换到“int”，可能丢失数据
     1>e:\qkm code\robot_vision\robot_vision\socket_controlled_opencv\socket_controlled_opencv\polygon_detection.cpp(613): warning C4244: “参数”: 从“float”转换到“int”，可能丢失数据
     1>e:\qkm code\robot_vision\robot_vision\socket_controlled_opencv\socket_controlled_opencv\polygon_detection.cpp(624): warning C4244: “=”: 从“float”转换到“int”，可能丢失数据
     1>e:\qkm code\robot_vision\robot_vision\socket_controlled_opencv\socket_controlled_opencv\polygon_detection.cpp(624): warning C4244: “=”: 从“int”转换到“float”，可能丢失数据
     1>e:\qkm code\robot_vision\robot_vision\socket_controlled_opencv\socket_controlled_opencv\polygon_detection.cpp(625): warning C4244: “=”: 从“float”转换到“int”，可能丢失数据
     1>e:\qkm code\robot_vision\robot_vision\socket_controlled_opencv\socket_controlled_opencv\polygon_detection.cpp(625): warning C4244: “=”: 从“int”转换到“float”，可能丢失数据
     1>e:\qkm code\robot_vision\robot_vision\socket_controlled_opencv\socket_controlled_opencv\polygon_detection.cpp(626): warning C4244: “参数”: 从“float”转换到“int”，可能丢失数据
     1>e:\qkm code\robot_vision\robot_vision\socket_controlled_opencv\socket_controlled_opencv\polygon_detection.cpp(732): warning C4244: “初始化”: 从“double”转换到“float”，可能丢失数据
     1>e:\qkm code\robot_vision\robot_vision\socket_controlled_opencv\socket_controlled_opencv\polygon_detection.cpp(747): warning C4244: “初始化”: 从“double”转换到“float”，可能丢失数据
     1>e:\qkm code\robot_vision\robot_vision\socket_controlled_opencv\socket_controlled_opencv\polygon_detection.cpp(788): warning C4244: “初始化”: 从“double”转换到“int”，可能丢失数据
         cvUeye.cpp
     1>e:\qkm code\robot_vision\robot_vision\socket_controlled_opencv\socket_controlled_opencv\cvueye.cpp(18): warning C4101: “choice”: 未引用的局部变量
         common_fcn.cpp
     1>e:\qkm code\robot_vision\robot_vision\socket_controlled_opencv\socket_controlled_opencv\common_fcn.cpp(32): warning C4244: “初始化”: 从“double”转换到“float”，可能丢失数据
     1>e:\qkm code\robot_vision\robot_vision\socket_controlled_opencv\socket_controlled_opencv\common_fcn.cpp(48): warning C4267: “参数”: 从“size_t”转换到“int”，可能丢失数据
         calibration_fcn.cpp
     1>e:\qkm code\robot_vision\robot_vision\socket_controlled_opencv\socket_controlled_opencv\calibration_fcn.cpp(21): warning C4244: “=”: 从“double”转换到“float”，可能丢失数据
     1>e:\qkm code\robot_vision\robot_vision\socket_controlled_opencv\socket_controlled_opencv\calibration_fcn.cpp(24): warning C4244: “=”: 从“double”转换到“float”，可能丢失数据
     1>e:\qkm code\robot_vision\robot_vision\socket_controlled_opencv\socket_controlled_opencv\calibration_fcn.cpp(75): warning C4244: “参数”: 从“float”转换到“int”，可能丢失数据
     1>e:\qkm code\robot_vision\robot_vision\socket_controlled_opencv\socket_controlled_opencv\calibration_fcn.cpp(103): warning C4267: “=”: 从“size_t”转换到“int”，可能丢失数据
     1>e:\qkm code\robot_vision\robot_vision\socket_controlled_opencv\socket_controlled_opencv\calibration_fcn.cpp(126): warning C4244: “参数”: 从“float”转换到“int”，可能丢失数据
     1>e:\qkm code\robot_vision\robot_vision\socket_controlled_opencv\socket_controlled_opencv\calibration_fcn.cpp(127): warning C4244: “参数”: 从“float”转换到“int”，可能丢失数据
     1>e:\qkm code\robot_vision\robot_vision\socket_controlled_opencv\socket_controlled_opencv\calibration_fcn.cpp(137): warning C4267: “参数”: 从“size_t”转换到“int”，可能丢失数据
     1>e:\qkm code\robot_vision\robot_vision\socket_controlled_opencv\socket_controlled_opencv\calibration_fcn.cpp(168): warning C4244: “=”: 从“double”转换到“float”，可能丢失数据
     1>e:\qkm code\robot_vision\robot_vision\socket_controlled_opencv\socket_controlled_opencv\calibration_fcn.cpp(179): warning C4244: “=”: 从“double”转换到“float”，可能丢失数据
     1>e:\qkm code\robot_vision\robot_vision\socket_controlled_opencv\socket_controlled_opencv\calibration_fcn.cpp(302): warning C4244: “初始化”: 从“double”转换到“int”，可能丢失数据
         正在生成代码...
       Link:
         E:\vs2015\VC\bin\x86_amd64\link.exe /ERRORREPORT:PROMPT /OUT:"E:\QKM code\Robot_vision\Robot_vision\socket_controlled_opencv\x64\Debug\socket_controlled_opencv.exe" /INCREMENTAL /NOLOGO /LIBPATH:"E:\uEye-Full-4802-64-WHQL\Develop\Lib" uEye_api_64.lib ueye_tools_64.lib opencv_world343d.lib uEye_api_64.lib ueye_tools_64.lib opencv_world343d.lib kernel32.lib user32.lib gdi32.lib winspool.lib comdlg32.lib advapi32.lib shell32.lib ole32.lib oleaut32.lib uuid.lib odbc32.lib odbccp32.lib /MANIFEST /MANIFESTUAC:"level='asInvoker' uiAccess='false'" /manifest:embed /Debug /PDB:"E:\QKM code\Robot_vision\Robot_vision\socket_controlled_opencv\x64\Debug\socket_controlled_opencv.pdb" /SUBSYSTEM:CONSOLE /TLBID:1 /DYNAMICBASE /NXCOMPAT /IMPLIB:"E:\QKM code\Robot_vision\Robot_vision\socket_controlled_opencv\x64\Debug\socket_controlled_opencv.lib" /MACHINE:X64 x64\Debug\calibration_fcn.obj
         x64\Debug\common_fcn.obj
         x64\Debug\cvUeye.obj
         x64\Debug\polygon_detection.obj
         x64\Debug\main.obj
         socket_controlled_opencv.vcxproj -> E:\QKM code\Robot_vision\Robot_vision\socket_controlled_opencv\x64\Debug\socket_controlled_opencv.exe
     1>已完成生成项目“E:\QKM code\Robot_vision\Robot_vision\socket_controlled_opencv\socket_controlled_opencv\socket_controlled_opencv.vcxproj”(Build 个目标)的操作。

已成功生成。

已用时间 00:00:15.74
