e:\qkm code\robot_vision\socket_controlled_opencv\socket_controlled_opencv\x64\debug\vc140.pdb
e:\qkm code\robot_vision\socket_controlled_opencv\socket_controlled_opencv\x64\debug\vc140.idb
e:\qkm code\robot_vision\socket_controlled_opencv\socket_controlled_opencv\x64\debug\calibration_fcn.obj
e:\qkm code\robot_vision\socket_controlled_opencv\socket_controlled_opencv\x64\debug\common_fcn.obj
e:\qkm code\robot_vision\socket_controlled_opencv\socket_controlled_opencv\x64\debug\cvueye.obj
e:\qkm code\robot_vision\socket_controlled_opencv\socket_controlled_opencv\x64\debug\polygon_detection.obj
e:\qkm code\robot_vision\socket_controlled_opencv\socket_controlled_opencv\x64\debug\main.obj
e:\qkm code\robot_vision\socket_controlled_opencv\x64\debug\socket_controlled_opencv.pdb
e:\qkm code\robot_vision\socket_controlled_opencv\socket_controlled_opencv\x64\debug\socket_c.0aa1cf0b.tlog\cl.command.1.tlog
e:\qkm code\robot_vision\socket_controlled_opencv\socket_controlled_opencv\x64\debug\socket_c.0aa1cf0b.tlog\cl.read.1.tlog
e:\qkm code\robot_vision\socket_controlled_opencv\socket_controlled_opencv\x64\debug\socket_c.0aa1cf0b.tlog\cl.write.1.tlog
e:\qkm code\robot_vision\socket_controlled_opencv\socket_controlled_opencv\x64\debug\socket_c.0aa1cf0b.tlog\link.9708-cvtres.read.1.tlog
e:\qkm code\robot_vision\socket_controlled_opencv\socket_controlled_opencv\x64\debug\socket_c.0aa1cf0b.tlog\link.9708-cvtres.write.1.tlog
e:\qkm code\robot_vision\socket_controlled_opencv\socket_controlled_opencv\x64\debug\socket_c.0aa1cf0b.tlog\link.9708-rc.read.1.tlog
e:\qkm code\robot_vision\socket_controlled_opencv\socket_controlled_opencv\x64\debug\socket_c.0aa1cf0b.tlog\link.9708-rc.write.1.tlog
e:\qkm code\robot_vision\socket_controlled_opencv\socket_controlled_opencv\x64\debug\socket_c.0aa1cf0b.tlog\link.9708.read.1.tlog
e:\qkm code\robot_vision\socket_controlled_opencv\socket_controlled_opencv\x64\debug\socket_c.0aa1cf0b.tlog\link.9708.write.1.tlog
e:\qkm code\robot_vision\socket_controlled_opencv\socket_controlled_opencv\x64\debug\socket_c.0aa1cf0b.tlog\link.command.1.tlog
e:\qkm code\robot_vision\socket_controlled_opencv\socket_controlled_opencv\x64\debug\socket_c.0aa1cf0b.tlog\link.read.1.tlog
e:\qkm code\robot_vision\socket_controlled_opencv\socket_controlled_opencv\x64\debug\socket_c.0aa1cf0b.tlog\link.write.1.tlog
